{
  name: 'JsonWebTokenError',
  message: 'jwt must be provided',
  level: 'error',
  service: 'error-logger',
  stack: 'JsonWebTokenError: jwt must be provided\n' +
    '    at module.exports [as verify] (C:\\Users\\Dev\\Desktop\\WebDevelopment\\fitfluencer\\server\\node_modules\\jsonwebtoken\\verify.js:60:17)\n' +
    '    at authenticateUser (file:///C:/Users/Dev/Desktop/WebDevelopment/fitfluencer/server/controllers/user.controllers.js:44:25)\n' +
    '    at Layer.handle [as handle_request] (C:\\Users\\Dev\\Desktop\\WebDevelopment\\fitfluencer\\server\\node_modules\\express\\lib\\router\\layer.js:95:5)\n' +
    '    at next (C:\\Users\\Dev\\Desktop\\WebDevelopment\\fitfluencer\\server\\node_modules\\express\\lib\\router\\route.js:149:13)\n' +
    '    at Route.dispatch (C:\\Users\\Dev\\Desktop\\WebDevelopment\\fitfluencer\\server\\node_modules\\express\\lib\\router\\route.js:119:3)\n' +
    '    at Layer.handle [as handle_request] (C:\\Users\\Dev\\Desktop\\WebDevelopment\\fitfluencer\\server\\node_modules\\express\\lib\\router\\layer.js:95:5)\n' +
    '    at C:\\Users\\Dev\\Desktop\\WebDevelopment\\fitfluencer\\server\\node_modules\\express\\lib\\router\\index.js:284:15\n' +
    '    at Function.process_params (C:\\Users\\Dev\\Desktop\\WebDevelopment\\fitfluencer\\server\\node_modules\\express\\lib\\router\\index.js:346:12)\n' +
    '    at next (C:\\Users\\Dev\\Desktop\\WebDevelopment\\fitfluencer\\server\\node_modules\\express\\lib\\router\\index.js:280:10)\n' +
    '    at Function.handle (C:\\Users\\Dev\\Desktop\\WebDevelopment\\fitfluencer\\server\\node_modules\\express\\lib\\router\\index.js:175:3)',
  timestamp: '2025-04-01T02:07:32.295Z'
}
{
  name: 'JsonWebTokenError',
  message: 'jwt must be provided',
  level: 'error',
  service: 'error-logger',
  stack: 'JsonWebTokenError: jwt must be provided\n' +
    '    at module.exports [as verify] (C:\\Users\\Dev\\Desktop\\WebDevelopment\\fitfluencer\\server\\node_modules\\jsonwebtoken\\verify.js:60:17)\n' +
    '    at authenticateUser (file:///C:/Users/Dev/Desktop/WebDevelopment/fitfluencer/server/controllers/user.controllers.js:47:25)\n' +
    '    at Layer.handle [as handle_request] (C:\\Users\\Dev\\Desktop\\WebDevelopment\\fitfluencer\\server\\node_modules\\express\\lib\\router\\layer.js:95:5)\n' +
    '    at next (C:\\Users\\Dev\\Desktop\\WebDevelopment\\fitfluencer\\server\\node_modules\\express\\lib\\router\\route.js:149:13)\n' +
    '    at Route.dispatch (C:\\Users\\Dev\\Desktop\\WebDevelopment\\fitfluencer\\server\\node_modules\\express\\lib\\router\\route.js:119:3)\n' +
    '    at Layer.handle [as handle_request] (C:\\Users\\Dev\\Desktop\\WebDevelopment\\fitfluencer\\server\\node_modules\\express\\lib\\router\\layer.js:95:5)\n' +
    '    at C:\\Users\\Dev\\Desktop\\WebDevelopment\\fitfluencer\\server\\node_modules\\express\\lib\\router\\index.js:284:15\n' +
    '    at Function.process_params (C:\\Users\\Dev\\Desktop\\WebDevelopment\\fitfluencer\\server\\node_modules\\express\\lib\\router\\index.js:346:12)\n' +
    '    at next (C:\\Users\\Dev\\Desktop\\WebDevelopment\\fitfluencer\\server\\node_modules\\express\\lib\\router\\index.js:280:10)\n' +
    '    at Function.handle (C:\\Users\\Dev\\Desktop\\WebDevelopment\\fitfluencer\\server\\node_modules\\express\\lib\\router\\index.js:175:3)',
  timestamp: '2025-04-01T15:13:23.066Z'
}
{
  name: 'JsonWebTokenError',
  message: 'jwt must be provided',
  level: 'error',
  service: 'error-logger',
  stack: 'JsonWebTokenError: jwt must be provided\n' +
    '    at module.exports [as verify] (C:\\Users\\Dev\\Desktop\\WebDevelopment\\fitfluencer\\server\\node_modules\\jsonwebtoken\\verify.js:60:17)\n' +
    '    at authenticateUser (file:///C:/Users/Dev/Desktop/WebDevelopment/fitfluencer/server/controllers/user.controllers.js:47:25)\n' +
    '    at Layer.handle [as handle_request] (C:\\Users\\Dev\\Desktop\\WebDevelopment\\fitfluencer\\server\\node_modules\\express\\lib\\router\\layer.js:95:5)\n' +
    '    at next (C:\\Users\\Dev\\Desktop\\WebDevelopment\\fitfluencer\\server\\node_modules\\express\\lib\\router\\route.js:149:13)\n' +
    '    at Route.dispatch (C:\\Users\\Dev\\Desktop\\WebDevelopment\\fitfluencer\\server\\node_modules\\express\\lib\\router\\route.js:119:3)\n' +
    '    at Layer.handle [as handle_request] (C:\\Users\\Dev\\Desktop\\WebDevelopment\\fitfluencer\\server\\node_modules\\express\\lib\\router\\layer.js:95:5)\n' +
    '    at C:\\Users\\Dev\\Desktop\\WebDevelopment\\fitfluencer\\server\\node_modules\\express\\lib\\router\\index.js:284:15\n' +
    '    at Function.process_params (C:\\Users\\Dev\\Desktop\\WebDevelopment\\fitfluencer\\server\\node_modules\\express\\lib\\router\\index.js:346:12)\n' +
    '    at next (C:\\Users\\Dev\\Desktop\\WebDevelopment\\fitfluencer\\server\\node_modules\\express\\lib\\router\\index.js:280:10)\n' +
    '    at Function.handle (C:\\Users\\Dev\\Desktop\\WebDevelopment\\fitfluencer\\server\\node_modules\\express\\lib\\router\\index.js:175:3)',
  timestamp: '2025-04-01T15:48:29.040Z'
}
{
  name: 'JsonWebTokenError',
  message: 'jwt must be provided',
  level: 'error',
  service: 'error-logger',
  stack: 'JsonWebTokenError: jwt must be provided\n' +
    '    at module.exports [as verify] (C:\\Users\\Dev\\Desktop\\WebDevelopment\\fitfluencer\\server\\node_modules\\jsonwebtoken\\verify.js:60:17)\n' +
    '    at authenticateUser (file:///C:/Users/Dev/Desktop/WebDevelopment/fitfluencer/server/controllers/user.controllers.js:47:25)\n' +
    '    at Layer.handle [as handle_request] (C:\\Users\\Dev\\Desktop\\WebDevelopment\\fitfluencer\\server\\node_modules\\express\\lib\\router\\layer.js:95:5)\n' +
    '    at next (C:\\Users\\Dev\\Desktop\\WebDevelopment\\fitfluencer\\server\\node_modules\\express\\lib\\router\\route.js:149:13)\n' +
    '    at Route.dispatch (C:\\Users\\Dev\\Desktop\\WebDevelopment\\fitfluencer\\server\\node_modules\\express\\lib\\router\\route.js:119:3)\n' +
    '    at Layer.handle [as handle_request] (C:\\Users\\Dev\\Desktop\\WebDevelopment\\fitfluencer\\server\\node_modules\\express\\lib\\router\\layer.js:95:5)\n' +
    '    at C:\\Users\\Dev\\Desktop\\WebDevelopment\\fitfluencer\\server\\node_modules\\express\\lib\\router\\index.js:284:15\n' +
    '    at Function.process_params (C:\\Users\\Dev\\Desktop\\WebDevelopment\\fitfluencer\\server\\node_modules\\express\\lib\\router\\index.js:346:12)\n' +
    '    at next (C:\\Users\\Dev\\Desktop\\WebDevelopment\\fitfluencer\\server\\node_modules\\express\\lib\\router\\index.js:280:10)\n' +
    '    at Function.handle (C:\\Users\\Dev\\Desktop\\WebDevelopment\\fitfluencer\\server\\node_modules\\express\\lib\\router\\index.js:175:3)',
  timestamp: '2025-04-02T15:32:44.935Z'
}
{
  name: 'JsonWebTokenError',
  message: 'jwt must be provided',
  level: 'error',
  service: 'error-logger',
  stack: 'JsonWebTokenError: jwt must be provided\n' +
    '    at module.exports [as verify] (C:\\Users\\Dev\\Desktop\\WebDevelopment\\fitfluencer\\server\\node_modules\\jsonwebtoken\\verify.js:60:17)\n' +
    '    at authenticateUser (file:///C:/Users/Dev/Desktop/WebDevelopment/fitfluencer/server/controllers/user.controllers.js:47:25)\n' +
    '    at Layer.handle [as handle_request] (C:\\Users\\Dev\\Desktop\\WebDevelopment\\fitfluencer\\server\\node_modules\\express\\lib\\router\\layer.js:95:5)\n' +
    '    at next (C:\\Users\\Dev\\Desktop\\WebDevelopment\\fitfluencer\\server\\node_modules\\express\\lib\\router\\route.js:149:13)\n' +
    '    at Route.dispatch (C:\\Users\\Dev\\Desktop\\WebDevelopment\\fitfluencer\\server\\node_modules\\express\\lib\\router\\route.js:119:3)\n' +
    '    at Layer.handle [as handle_request] (C:\\Users\\Dev\\Desktop\\WebDevelopment\\fitfluencer\\server\\node_modules\\express\\lib\\router\\layer.js:95:5)\n' +
    '    at C:\\Users\\Dev\\Desktop\\WebDevelopment\\fitfluencer\\server\\node_modules\\express\\lib\\router\\index.js:284:15\n' +
    '    at Function.process_params (C:\\Users\\Dev\\Desktop\\WebDevelopment\\fitfluencer\\server\\node_modules\\express\\lib\\router\\index.js:346:12)\n' +
    '    at next (C:\\Users\\Dev\\Desktop\\WebDevelopment\\fitfluencer\\server\\node_modules\\express\\lib\\router\\index.js:280:10)\n' +
    '    at Function.handle (C:\\Users\\Dev\\Desktop\\WebDevelopment\\fitfluencer\\server\\node_modules\\express\\lib\\router\\index.js:175:3)',
  timestamp: '2025-04-02T15:55:29.361Z'
}
{
  name: 'JsonWebTokenError',
  message: 'jwt must be provided',
  level: 'error',
  service: 'error-logger',
  stack: 'JsonWebTokenError: jwt must be provided\n' +
    '    at module.exports [as verify] (C:\\Users\\Dev\\Desktop\\WebDevelopment\\fitfluencer\\server\\node_modules\\jsonwebtoken\\verify.js:60:17)\n' +
    '    at authenticateUser (file:///C:/Users/Dev/Desktop/WebDevelopment/fitfluencer/server/controllers/user.controllers.js:47:25)\n' +
    '    at Layer.handle [as handle_request] (C:\\Users\\Dev\\Desktop\\WebDevelopment\\fitfluencer\\server\\node_modules\\express\\lib\\router\\layer.js:95:5)\n' +
    '    at next (C:\\Users\\Dev\\Desktop\\WebDevelopment\\fitfluencer\\server\\node_modules\\express\\lib\\router\\route.js:149:13)\n' +
    '    at Route.dispatch (C:\\Users\\Dev\\Desktop\\WebDevelopment\\fitfluencer\\server\\node_modules\\express\\lib\\router\\route.js:119:3)\n' +
    '    at Layer.handle [as handle_request] (C:\\Users\\Dev\\Desktop\\WebDevelopment\\fitfluencer\\server\\node_modules\\express\\lib\\router\\layer.js:95:5)\n' +
    '    at C:\\Users\\Dev\\Desktop\\WebDevelopment\\fitfluencer\\server\\node_modules\\express\\lib\\router\\index.js:284:15\n' +
    '    at Function.process_params (C:\\Users\\Dev\\Desktop\\WebDevelopment\\fitfluencer\\server\\node_modules\\express\\lib\\router\\index.js:346:12)\n' +
    '    at next (C:\\Users\\Dev\\Desktop\\WebDevelopment\\fitfluencer\\server\\node_modules\\express\\lib\\router\\index.js:280:10)\n' +
    '    at Function.handle (C:\\Users\\Dev\\Desktop\\WebDevelopment\\fitfluencer\\server\\node_modules\\express\\lib\\router\\index.js:175:3)',
  timestamp: '2025-04-02T16:26:52.237Z'
}
{
  name: 'JsonWebTokenError',
  message: 'jwt must be provided',
  level: 'error',
  service: 'error-logger',
  stack: 'JsonWebTokenError: jwt must be provided\n' +
    '    at module.exports [as verify] (C:\\Users\\Dev\\Desktop\\WebDevelopment\\fitfluencer\\server\\node_modules\\jsonwebtoken\\verify.js:60:17)\n' +
    '    at authenticateUser (file:///C:/Users/Dev/Desktop/WebDevelopment/fitfluencer/server/controllers/user.controllers.js:47:25)\n' +
    '    at Layer.handle [as handle_request] (C:\\Users\\Dev\\Desktop\\WebDevelopment\\fitfluencer\\server\\node_modules\\express\\lib\\router\\layer.js:95:5)\n' +
    '    at next (C:\\Users\\Dev\\Desktop\\WebDevelopment\\fitfluencer\\server\\node_modules\\express\\lib\\router\\route.js:149:13)\n' +
    '    at Route.dispatch (C:\\Users\\Dev\\Desktop\\WebDevelopment\\fitfluencer\\server\\node_modules\\express\\lib\\router\\route.js:119:3)\n' +
    '    at Layer.handle [as handle_request] (C:\\Users\\Dev\\Desktop\\WebDevelopment\\fitfluencer\\server\\node_modules\\express\\lib\\router\\layer.js:95:5)\n' +
    '    at C:\\Users\\Dev\\Desktop\\WebDevelopment\\fitfluencer\\server\\node_modules\\express\\lib\\router\\index.js:284:15\n' +
    '    at Function.process_params (C:\\Users\\Dev\\Desktop\\WebDevelopment\\fitfluencer\\server\\node_modules\\express\\lib\\router\\index.js:346:12)\n' +
    '    at next (C:\\Users\\Dev\\Desktop\\WebDevelopment\\fitfluencer\\server\\node_modules\\express\\lib\\router\\index.js:280:10)\n' +
    '    at Function.handle (C:\\Users\\Dev\\Desktop\\WebDevelopment\\fitfluencer\\server\\node_modules\\express\\lib\\router\\index.js:175:3)',
  timestamp: '2025-04-02T16:56:49.312Z'
}
{
  name: 'JsonWebTokenError',
  message: 'jwt must be provided',
  level: 'error',
  service: 'error-logger',
  stack: 'JsonWebTokenError: jwt must be provided\n' +
    '    at module.exports [as verify] (C:\\Users\\Dev\\Desktop\\WebDevelopment\\fitfluencer\\server\\node_modules\\jsonwebtoken\\verify.js:60:17)\n' +
    '    at authenticateUser (file:///C:/Users/Dev/Desktop/WebDevelopment/fitfluencer/server/controllers/user.controllers.js:47:25)\n' +
    '    at Layer.handle [as handle_request] (C:\\Users\\Dev\\Desktop\\WebDevelopment\\fitfluencer\\server\\node_modules\\express\\lib\\router\\layer.js:95:5)\n' +
    '    at next (C:\\Users\\Dev\\Desktop\\WebDevelopment\\fitfluencer\\server\\node_modules\\express\\lib\\router\\route.js:149:13)\n' +
    '    at Route.dispatch (C:\\Users\\Dev\\Desktop\\WebDevelopment\\fitfluencer\\server\\node_modules\\express\\lib\\router\\route.js:119:3)\n' +
    '    at Layer.handle [as handle_request] (C:\\Users\\Dev\\Desktop\\WebDevelopment\\fitfluencer\\server\\node_modules\\express\\lib\\router\\layer.js:95:5)\n' +
    '    at C:\\Users\\Dev\\Desktop\\WebDevelopment\\fitfluencer\\server\\node_modules\\express\\lib\\router\\index.js:284:15\n' +
    '    at Function.process_params (C:\\Users\\Dev\\Desktop\\WebDevelopment\\fitfluencer\\server\\node_modules\\express\\lib\\router\\index.js:346:12)\n' +
    '    at next (C:\\Users\\Dev\\Desktop\\WebDevelopment\\fitfluencer\\server\\node_modules\\express\\lib\\router\\index.js:280:10)\n' +
    '    at Function.handle (C:\\Users\\Dev\\Desktop\\WebDevelopment\\fitfluencer\\server\\node_modules\\express\\lib\\router\\index.js:175:3)',
  timestamp: '2025-04-02T16:58:44.046Z'
}
{
  name: 'JsonWebTokenError',
  message: 'jwt must be provided',
  level: 'error',
  service: 'error-logger',
  stack: 'JsonWebTokenError: jwt must be provided\n' +
    '    at module.exports [as verify] (C:\\Users\\Dev\\Desktop\\WebDevelopment\\fitfluencer\\server\\node_modules\\jsonwebtoken\\verify.js:60:17)\n' +
    '    at authenticateUser (file:///C:/Users/Dev/Desktop/WebDevelopment/fitfluencer/server/controllers/user.controllers.js:47:25)\n' +
    '    at Layer.handle [as handle_request] (C:\\Users\\Dev\\Desktop\\WebDevelopment\\fitfluencer\\server\\node_modules\\express\\lib\\router\\layer.js:95:5)\n' +
    '    at next (C:\\Users\\Dev\\Desktop\\WebDevelopment\\fitfluencer\\server\\node_modules\\express\\lib\\router\\route.js:149:13)\n' +
    '    at Route.dispatch (C:\\Users\\Dev\\Desktop\\WebDevelopment\\fitfluencer\\server\\node_modules\\express\\lib\\router\\route.js:119:3)\n' +
    '    at Layer.handle [as handle_request] (C:\\Users\\Dev\\Desktop\\WebDevelopment\\fitfluencer\\server\\node_modules\\express\\lib\\router\\layer.js:95:5)\n' +
    '    at C:\\Users\\Dev\\Desktop\\WebDevelopment\\fitfluencer\\server\\node_modules\\express\\lib\\router\\index.js:284:15\n' +
    '    at Function.process_params (C:\\Users\\Dev\\Desktop\\WebDevelopment\\fitfluencer\\server\\node_modules\\express\\lib\\router\\index.js:346:12)\n' +
    '    at next (C:\\Users\\Dev\\Desktop\\WebDevelopment\\fitfluencer\\server\\node_modules\\express\\lib\\router\\index.js:280:10)\n' +
    '    at Function.handle (C:\\Users\\Dev\\Desktop\\WebDevelopment\\fitfluencer\\server\\node_modules\\express\\lib\\router\\index.js:175:3)',
  timestamp: '2025-04-02T16:59:16.710Z'
}
{
  name: 'JsonWebTokenError',
  message: 'jwt must be provided',
  level: 'error',
  service: 'error-logger',
  stack: 'JsonWebTokenError: jwt must be provided\n' +
    '    at module.exports [as verify] (C:\\Users\\Dev\\Desktop\\WebDevelopment\\fitfluencer\\server\\node_modules\\jsonwebtoken\\verify.js:60:17)\n' +
    '    at authenticateUser (file:///C:/Users/Dev/Desktop/WebDevelopment/fitfluencer/server/controllers/user.controllers.js:47:25)\n' +
    '    at Layer.handle [as handle_request] (C:\\Users\\Dev\\Desktop\\WebDevelopment\\fitfluencer\\server\\node_modules\\express\\lib\\router\\layer.js:95:5)\n' +
    '    at next (C:\\Users\\Dev\\Desktop\\WebDevelopment\\fitfluencer\\server\\node_modules\\express\\lib\\router\\route.js:149:13)\n' +
    '    at Route.dispatch (C:\\Users\\Dev\\Desktop\\WebDevelopment\\fitfluencer\\server\\node_modules\\express\\lib\\router\\route.js:119:3)\n' +
    '    at Layer.handle [as handle_request] (C:\\Users\\Dev\\Desktop\\WebDevelopment\\fitfluencer\\server\\node_modules\\express\\lib\\router\\layer.js:95:5)\n' +
    '    at C:\\Users\\Dev\\Desktop\\WebDevelopment\\fitfluencer\\server\\node_modules\\express\\lib\\router\\index.js:284:15\n' +
    '    at Function.process_params (C:\\Users\\Dev\\Desktop\\WebDevelopment\\fitfluencer\\server\\node_modules\\express\\lib\\router\\index.js:346:12)\n' +
    '    at next (C:\\Users\\Dev\\Desktop\\WebDevelopment\\fitfluencer\\server\\node_modules\\express\\lib\\router\\index.js:280:10)\n' +
    '    at Function.handle (C:\\Users\\Dev\\Desktop\\WebDevelopment\\fitfluencer\\server\\node_modules\\express\\lib\\router\\index.js:175:3)',
  timestamp: '2025-04-02T18:51:09.247Z'
}
{
  name: 'JsonWebTokenError',
  message: 'jwt must be provided',
  level: 'error',
  service: 'error-logger',
  stack: 'JsonWebTokenError: jwt must be provided\n' +
    '    at module.exports [as verify] (C:\\Users\\Dev\\Desktop\\WebDevelopment\\fitfluencer\\server\\node_modules\\jsonwebtoken\\verify.js:60:17)\n' +
    '    at authenticateUser (file:///C:/Users/Dev/Desktop/WebDevelopment/fitfluencer/server/controllers/user.controllers.js:47:25)\n' +
    '    at Layer.handle [as handle_request] (C:\\Users\\Dev\\Desktop\\WebDevelopment\\fitfluencer\\server\\node_modules\\express\\lib\\router\\layer.js:95:5)\n' +
    '    at next (C:\\Users\\Dev\\Desktop\\WebDevelopment\\fitfluencer\\server\\node_modules\\express\\lib\\router\\route.js:149:13)\n' +
    '    at Route.dispatch (C:\\Users\\Dev\\Desktop\\WebDevelopment\\fitfluencer\\server\\node_modules\\express\\lib\\router\\route.js:119:3)\n' +
    '    at Layer.handle [as handle_request] (C:\\Users\\Dev\\Desktop\\WebDevelopment\\fitfluencer\\server\\node_modules\\express\\lib\\router\\layer.js:95:5)\n' +
    '    at C:\\Users\\Dev\\Desktop\\WebDevelopment\\fitfluencer\\server\\node_modules\\express\\lib\\router\\index.js:284:15\n' +
    '    at Function.process_params (C:\\Users\\Dev\\Desktop\\WebDevelopment\\fitfluencer\\server\\node_modules\\express\\lib\\router\\index.js:346:12)\n' +
    '    at next (C:\\Users\\Dev\\Desktop\\WebDevelopment\\fitfluencer\\server\\node_modules\\express\\lib\\router\\index.js:280:10)\n' +
    '    at Function.handle (C:\\Users\\Dev\\Desktop\\WebDevelopment\\fitfluencer\\server\\node_modules\\express\\lib\\router\\index.js:175:3)',
  timestamp: '2025-04-03T02:01:18.710Z'
}
{
  name: 'JsonWebTokenError',
  message: 'jwt must be provided',
  level: 'error',
  service: 'error-logger',
  stack: 'JsonWebTokenError: jwt must be provided\n' +
    '    at module.exports [as verify] (C:\\Users\\Dev\\Desktop\\WebDevelopment\\fitfluencer\\server\\node_modules\\jsonwebtoken\\verify.js:60:17)\n' +
    '    at authenticateUser (file:///C:/Users/Dev/Desktop/WebDevelopment/fitfluencer/server/controllers/user.controllers.js:47:25)\n' +
    '    at Layer.handle [as handle_request] (C:\\Users\\Dev\\Desktop\\WebDevelopment\\fitfluencer\\server\\node_modules\\express\\lib\\router\\layer.js:95:5)\n' +
    '    at next (C:\\Users\\Dev\\Desktop\\WebDevelopment\\fitfluencer\\server\\node_modules\\express\\lib\\router\\route.js:149:13)\n' +
    '    at Route.dispatch (C:\\Users\\Dev\\Desktop\\WebDevelopment\\fitfluencer\\server\\node_modules\\express\\lib\\router\\route.js:119:3)\n' +
    '    at Layer.handle [as handle_request] (C:\\Users\\Dev\\Desktop\\WebDevelopment\\fitfluencer\\server\\node_modules\\express\\lib\\router\\layer.js:95:5)\n' +
    '    at C:\\Users\\Dev\\Desktop\\WebDevelopment\\fitfluencer\\server\\node_modules\\express\\lib\\router\\index.js:284:15\n' +
    '    at Function.process_params (C:\\Users\\Dev\\Desktop\\WebDevelopment\\fitfluencer\\server\\node_modules\\express\\lib\\router\\index.js:346:12)\n' +
    '    at next (C:\\Users\\Dev\\Desktop\\WebDevelopment\\fitfluencer\\server\\node_modules\\express\\lib\\router\\index.js:280:10)\n' +
    '    at Function.handle (C:\\Users\\Dev\\Desktop\\WebDevelopment\\fitfluencer\\server\\node_modules\\express\\lib\\router\\index.js:175:3)',
  timestamp: '2025-04-03T02:54:11.605Z'
}
