{
  service: 'payment-logger',
  plan_id: 'b8ae0fb1-f09c-4144-8e30-149c717b7684',
  plan_name: 'Monthly Plan',
  user_id: '55a79bf4-0579-4da7-a258-41691f455b3a',
  username: 'janakjariwala',
  order: {
    amount: 500000,
    amount_due: 500000,
    amount_paid: 0,
    attempts: 0,
    created_at: 1743932370,
    currency: 'INR',
    entity: 'order',
    id: 'order_QFj2ZvSmEUzYhi',
    notes: [],
    offer_id: null,
    receipt: 'b71d7995-6368-46bb-b127-09f0cdd9a0a9',
    status: 'created'
  },
  level: 'info',
  message: 'Payment initiated successfully',
  timestamp: '2025-04-06T09:39:31.691Z'
}
{
  service: 'payment-logger',
  plan_id: 'caf4c2fc-f694-4bba-bfbc-477400d2c0af',
  plan_name: 'Quarterly Plan',
  user_id: '55a79bf4-0579-4da7-a258-41691f455b3a',
  username: 'janakjariwala',
  order: {
    amount: 1000000,
    amount_due: 1000000,
    amount_paid: 0,
    attempts: 0,
    created_at: 1743932385,
    currency: 'INR',
    entity: 'order',
    id: 'order_QFj2qB9e7gxAFF',
    notes: [],
    offer_id: null,
    receipt: '42f3d321-e824-4608-b4de-ccb75ba865cf',
    status: 'created'
  },
  level: 'info',
  message: 'Payment initiated successfully',
  timestamp: '2025-04-06T09:39:46.578Z'
}
{
  service: 'payment-logger',
  plan_id: 'b8ae0fb1-f09c-4144-8e30-149c717b7684',
  plan_name: 'Monthly Plan',
  user_id: '55a79bf4-0579-4da7-a258-41691f455b3a',
  username: 'janakjariwala',
  order: {
    amount: 500000,
    amount_due: 500000,
    amount_paid: 0,
    attempts: 0,
    created_at: 1743932885,
    currency: 'INR',
    entity: 'order',
    id: 'order_QFjBdL87e8iPD2',
    notes: [],
    offer_id: null,
    receipt: '5f064ad5-6385-4b1b-9645-d3b80b7b20a6',
    status: 'created'
  },
  level: 'info',
  message: 'Payment initiated successfully',
  timestamp: '2025-04-06T09:48:06.011Z'
}
{
  service: 'payment-logger',
  event: 'payment.failed',
  payload: {
    payment: {
      entity: {
        id: 'pay_QFeCsrNOsPBGC9',
        entity: 'payment',
        amount: 500000,
        currency: 'INR',
        status: 'failed',
        order_id: 'order_QFeCSD4q563ofw',
        invoice_id: null,
        international: false,
        method: 'card',
        amount_refunded: 0,
        refund_status: null,
        captured: false,
        description: null,
        card_id: 'card_QFeCt2TeWdZWFM',
        card: {
          id: 'card_QFeCt2TeWdZWFM',
          entity: 'card',
          name: '',
          last4: '6247',
          network: 'MasterCard',
          type: 'debit',
          issuer: 'SBIN',
          international: false,
          emi: false,
          sub_type: 'consumer',
          token_iin: null
        },
        bank: null,
        wallet: null,
        vpa: null,
        email: 'void@razorpay.com',
        contact: '+917990176865',
        notes: [],
        fee: null,
        tax: null,
        error_code: 'BAD_REQUEST_ERROR',
        error_description: 'Payment failed',
        error_source: 'gateway',
        error_step: 'payment_authorization',
        error_reason: 'payment_failed',
        acquirer_data: { auth_code: null },
        created_at: 1743915349,
        reward: null
      }
    }
  },
  signature: 'f8bb7681a7f5c701643847ebee99778771e672c7e52b83a0e2633f13df82a19f',
  level: 'info',
  message: 'Payment failed',
  timestamp: '2025-04-06T09:59:10.028Z'
}
{
  service: 'payment-logger',
  event: 'payment.captured',
  payload: {
    payment: {
      entity: {
        id: 'pay_QFdJTwQceQaEyx',
        entity: 'payment',
        amount: 500000,
        currency: 'INR',
        status: 'captured',
        order_id: 'order_QFdGxQNE91n7VK',
        invoice_id: null,
        international: false,
        method: 'card',
        amount_refunded: 0,
        refund_status: null,
        captured: true,
        description: null,
        card_id: 'card_QFdJU5eUWtweub',
        card: {
          id: 'card_QFdJU5eUWtweub',
          entity: 'card',
          name: '',
          last4: '6247',
          network: 'MasterCard',
          type: 'debit',
          issuer: 'SBIN',
          international: false,
          emi: false,
          sub_type: 'consumer',
          token_iin: null
        },
        bank: null,
        wallet: null,
        vpa: null,
        email: 'void@razorpay.com',
        contact: '+917990176865',
        notes: [],
        fee: 11800,
        tax: 1800,
        error_code: null,
        error_description: null,
        error_source: null,
        error_step: null,
        error_reason: null,
        acquirer_data: { auth_code: '772098' },
        created_at: 1743912202,
        reward: null,
        base_amount: 500000
      }
    }
  },
  signature: 'f382afaae48f6a9f697ae5cac13f579dd444aac5e17e18e5b07009273d0c638b',
  level: 'info',
  message: 'Payment captured',
  timestamp: '2025-04-06T10:45:17.637Z'
}
{
  service: 'payment-logger',
  event: 'payment.captured',
  payload: {
    payment: {
      entity: {
        id: 'pay_QFiEXhXsG6csuE',
        entity: 'payment',
        amount: 500000,
        currency: 'INR',
        status: 'captured',
        order_id: 'order_QFi4l5p8ho2dvp',
        invoice_id: null,
        international: false,
        method: 'card',
        amount_refunded: 0,
        refund_status: null,
        captured: true,
        description: null,
        card_id: 'card_QFiEYji6vspPpS',
        card: {
          id: 'card_QFiEYji6vspPpS',
          entity: 'card',
          name: '',
          last4: '6247',
          network: 'MasterCard',
          type: 'debit',
          issuer: 'SBIN',
          international: false,
          emi: false,
          sub_type: 'consumer',
          token_iin: null
        },
        bank: null,
        wallet: null,
        vpa: null,
        email: 'void@razorpay.com',
        contact: '+917990176865',
        notes: [],
        fee: 11800,
        tax: 1800,
        error_code: null,
        error_description: null,
        error_source: null,
        error_step: null,
        error_reason: null,
        acquirer_data: { auth_code: '940056' },
        created_at: 1743929530,
        reward: null,
        base_amount: 500000
      }
    }
  },
  signature: '6d6c01ade6b7b8ad08eb43bd9c568bc220c15792e60ccf93a865b0b390ba22d4',
  level: 'info',
  message: 'Payment captured',
  timestamp: '2025-04-06T10:46:47.530Z'
}
{
  service: 'payment-logger',
  event: 'payment.captured',
  payload: {
    payment: {
      entity: {
        id: 'pay_QFiQWF1dZSXPwI',
        entity: 'payment',
        amount: 1000000,
        currency: 'INR',
        status: 'captured',
        order_id: 'order_QFiM4HZpBp8uEV',
        invoice_id: null,
        international: false,
        method: 'card',
        amount_refunded: 0,
        refund_status: null,
        captured: true,
        description: null,
        card_id: 'card_QFiQWPX09FQatr',
        card: {
          id: 'card_QFiQWPX09FQatr',
          entity: 'card',
          name: '',
          last4: '6247',
          network: 'MasterCard',
          type: 'debit',
          issuer: 'SBIN',
          international: false,
          emi: false,
          sub_type: 'consumer',
          token_iin: null
        },
        bank: null,
        wallet: null,
        vpa: null,
        email: 'void@razorpay.com',
        contact: '+917990176865',
        notes: [],
        fee: 23600,
        tax: 3600,
        error_code: null,
        error_description: null,
        error_source: null,
        error_step: null,
        error_reason: null,
        acquirer_data: { auth_code: '892211' },
        created_at: 1743930209,
        reward: null,
        base_amount: 1000000
      }
    }
  },
  signature: 'c848d4b120a0d2e7f76b5ec7136ec3a67096b888ce27c77f0ff04e12300793cf',
  level: 'info',
  message: 'Payment captured',
  timestamp: '2025-04-06T10:57:53.187Z'
}
{
  service: 'payment-logger',
  event: 'payment.captured',
  payload: {
    payment: {
      entity: {
        id: 'pay_QFiWMgypXcWH2Z',
        entity: 'payment',
        amount: 1000000,
        currency: 'INR',
        status: 'captured',
        order_id: 'order_QFiS1elWa8NHzA',
        invoice_id: null,
        international: false,
        method: 'card',
        amount_refunded: 0,
        refund_status: null,
        captured: true,
        description: null,
        card_id: 'card_QFiWNZmpKKju5r',
        card: {
          id: 'card_QFiWNZmpKKju5r',
          entity: 'card',
          name: '',
          last4: '6247',
          network: 'MasterCard',
          type: 'debit',
          issuer: 'SBIN',
          international: false,
          emi: false,
          sub_type: 'consumer',
          token_iin: null
        },
        bank: null,
        wallet: null,
        vpa: null,
        email: 'void@razorpay.com',
        contact: '+917990176865',
        notes: [],
        fee: 23600,
        tax: 3600,
        error_code: null,
        error_description: null,
        error_source: null,
        error_step: null,
        error_reason: null,
        acquirer_data: { auth_code: '901636' },
        created_at: 1743930542,
        reward: null,
        base_amount: 1000000
      }
    }
  },
  signature: 'bd49f89c1c117e6f4ac034e30a2d88c887f6e441afe69d7367bd2af5d5ef203a',
  level: 'info',
  message: 'Payment captured',
  timestamp: '2025-04-06T11:04:14.932Z'
}
{
  service: 'payment-logger',
  event: 'payment.captured',
  payload: {
    payment: {
      entity: {
        id: 'pay_QFiZyLPyrVw2bV',
        entity: 'payment',
        amount: 500000,
        currency: 'INR',
        status: 'captured',
        order_id: 'order_QFiZAheEbPhGhO',
        invoice_id: null,
        international: false,
        method: 'card',
        amount_refunded: 0,
        refund_status: null,
        captured: true,
        description: null,
        card_id: 'card_QFiZyUaCzY9LOC',
        card: {
          id: 'card_QFiZyUaCzY9LOC',
          entity: 'card',
          name: '',
          last4: '6247',
          network: 'MasterCard',
          type: 'debit',
          issuer: 'SBIN',
          international: false,
          emi: false,
          sub_type: 'consumer',
          token_iin: null
        },
        bank: null,
        wallet: null,
        vpa: null,
        email: 'void@razorpay.com',
        contact: '+917990176865',
        notes: [],
        fee: 11800,
        tax: 1800,
        error_code: null,
        error_description: null,
        error_source: null,
        error_step: null,
        error_reason: null,
        acquirer_data: { auth_code: '592383' },
        created_at: 1743930746,
        reward: null,
        base_amount: 500000
      }
    }
  },
  signature: '88089055c4c532f815fa495a44dbcad3a557473a0b42942c5bbe46304f3ef7db',
  level: 'info',
  message: 'Payment captured',
  timestamp: '2025-04-06T11:08:08.229Z'
}
{
  service: 'payment-logger',
  event: 'payment.captured',
  payload: {
    payment: {
      entity: {
        id: 'pay_QFid87BrTVCeUx',
        entity: 'payment',
        amount: 500000,
        currency: 'INR',
        status: 'captured',
        order_id: 'order_QFicN8XjReK2Tg',
        invoice_id: null,
        international: false,
        method: 'card',
        amount_refunded: 0,
        refund_status: null,
        captured: true,
        description: null,
        card_id: 'card_QFid8G0EJvlKaX',
        card: {
          id: 'card_QFid8G0EJvlKaX',
          entity: 'card',
          name: '',
          last4: '6247',
          network: 'MasterCard',
          type: 'debit',
          issuer: 'SBIN',
          international: false,
          emi: false,
          sub_type: 'consumer',
          token_iin: null
        },
        bank: null,
        wallet: null,
        vpa: null,
        email: 'void@razorpay.com',
        contact: '+917990176865',
        notes: [],
        fee: 11800,
        tax: 1800,
        error_code: null,
        error_description: null,
        error_source: null,
        error_step: null,
        error_reason: null,
        acquirer_data: { auth_code: '201137' },
        created_at: 1743930926,
        reward: null,
        base_amount: 500000
      }
    }
  },
  signature: '9818baec0c64cf6633b79f213069414d225e417b3d69437deab125f8e4d41fcd',
  level: 'info',
  message: 'Payment captured',
  timestamp: '2025-04-06T11:12:12.406Z'
}
{
  service: 'payment-logger',
  plan_id: 'caf4c2fc-f694-4bba-bfbc-477400d2c0af',
  plan_name: 'Quarterly Plan',
  user_id: '55a79bf4-0579-4da7-a258-41691f455b3a',
  username: 'janakjariwala',
  order: {
    amount: 1000000,
    amount_due: 1000000,
    amount_paid: 0,
    attempts: 0,
    created_at: 1743938146,
    currency: 'INR',
    entity: 'order',
    id: 'order_QFkgFj58OMMnX5',
    notes: [],
    offer_id: null,
    receipt: '3647d0d3-905a-4712-bbfc-235df8042ead',
    status: 'created'
  },
  level: 'info',
  message: 'Payment initiated successfully',
  timestamp: '2025-04-06T11:15:46.781Z'
}
{
  service: 'payment-logger',
  event: 'payment.captured',
  payload: {
    payment: {
      entity: {
        id: 'pay_QFig2zR7Nw0SP6',
        entity: 'payment',
        amount: 500000,
        currency: 'INR',
        status: 'captured',
        order_id: 'order_QFifd4dbqkkeOo',
        invoice_id: null,
        international: false,
        method: 'card',
        amount_refunded: 0,
        refund_status: null,
        captured: true,
        description: null,
        card_id: 'card_QFig3Hx15teUKt',
        card: {
          id: 'card_QFig3Hx15teUKt',
          entity: 'card',
          name: '',
          last4: '6247',
          network: 'MasterCard',
          type: 'debit',
          issuer: 'SBIN',
          international: false,
          emi: false,
          sub_type: 'consumer',
          token_iin: null
        },
        bank: null,
        wallet: null,
        vpa: null,
        email: 'void@razorpay.com',
        contact: '+917990176865',
        notes: [],
        fee: 11800,
        tax: 1800,
        error_code: null,
        error_description: null,
        error_source: null,
        error_step: null,
        error_reason: null,
        acquirer_data: { auth_code: '582026' },
        created_at: 1743931092,
        reward: null,
        base_amount: 500000
      }
    }
  },
  signature: '0ba20ad1c3449fc76a266d8f0f7349ec599e0d829ec90f1cc9fecb8eeb21b36e',
  level: 'info',
  message: 'Payment captured',
  timestamp: '2025-04-06T11:15:52.536Z'
}
{
  service: 'payment-logger',
  event: 'payment.captured',
  payload: {
    payment: {
      entity: {
        id: 'pay_QFkhMhmOsHaFJu',
        entity: 'payment',
        amount: 1000000,
        currency: 'INR',
        status: 'captured',
        order_id: 'order_QFkgFj58OMMnX5',
        invoice_id: null,
        international: false,
        method: 'card',
        amount_refunded: 0,
        refund_status: null,
        captured: true,
        description: null,
        card_id: 'card_QFkhMrkeqeHJcR',
        card: {
          id: 'card_QFkhMrkeqeHJcR',
          entity: 'card',
          name: '',
          last4: '6247',
          network: 'MasterCard',
          type: 'debit',
          issuer: 'SBIN',
          international: false,
          emi: false,
          sub_type: 'consumer',
          token_iin: null
        },
        bank: null,
        wallet: null,
        vpa: null,
        email: 'void@razorpay.com',
        contact: '+917990176865',
        notes: [],
        fee: 23600,
        tax: 3600,
        error_code: null,
        error_description: null,
        error_source: null,
        error_step: null,
        error_reason: null,
        acquirer_data: { auth_code: '697933' },
        created_at: 1743938210,
        reward: null,
        base_amount: 1000000
      }
    }
  },
  signature: 'd24f3e74ad08f9945bd679fde22a2e94e9ac9baed1d6d8804923ed71ac6e6db2',
  level: 'info',
  message: 'Payment captured',
  timestamp: '2025-04-06T11:16:56.504Z'
}
{
  service: 'payment-logger',
  plan_id: 'caf4c2fc-f694-4bba-bfbc-477400d2c0af',
  plan_name: 'Quarterly Plan',
  user_id: '55a79bf4-0579-4da7-a258-41691f455b3a',
  username: 'janakjariwala',
  order: {
    amount: 1000000,
    amount_due: 1000000,
    amount_paid: 0,
    attempts: 0,
    created_at: 1743938329,
    currency: 'INR',
    entity: 'order',
    id: 'order_QFkjUN0A8tf7Cm',
    notes: [],
    offer_id: null,
    receipt: '190c3882-ffbb-45c1-aef3-340fd88f303e',
    status: 'created'
  },
  level: 'info',
  message: 'Payment initiated successfully',
  timestamp: '2025-04-06T11:18:50.565Z'
}
{
  service: 'payment-logger',
  event: 'payment.captured',
  payload: {
    payment: {
      entity: {
        id: 'pay_QFkjpPa0p2rdq8',
        entity: 'payment',
        amount: 1000000,
        currency: 'INR',
        status: 'captured',
        order_id: 'order_QFkjUN0A8tf7Cm',
        invoice_id: null,
        international: false,
        method: 'card',
        amount_refunded: 0,
        refund_status: null,
        captured: true,
        description: null,
        card_id: 'card_QFkjpadyhiitEb',
        card: {
          id: 'card_QFkjpadyhiitEb',
          entity: 'card',
          name: '',
          last4: '6247',
          network: 'MasterCard',
          type: 'debit',
          issuer: 'SBIN',
          international: false,
          emi: false,
          sub_type: 'consumer',
          token_iin: null
        },
        bank: null,
        wallet: null,
        vpa: null,
        email: 'void@razorpay.com',
        contact: '+917990176865',
        notes: [],
        fee: 23600,
        tax: 3600,
        error_code: null,
        error_description: null,
        error_source: null,
        error_step: null,
        error_reason: null,
        acquirer_data: { auth_code: '607066' },
        created_at: 1743938349,
        reward: null,
        base_amount: 1000000
      }
    }
  },
  signature: 'bde3355886546c1e4996243e65ef05984dd95051adabff2ab21bcaf5228c7773',
  level: 'info',
  message: 'Payment captured',
  timestamp: '2025-04-06T11:19:15.607Z'
}
{
  service: 'payment-logger',
  event: 'payment.captured',
  payload: {
    payment: {
      entity: {
        id: 'pay_QFiizY6Xl3V6kw',
        entity: 'payment',
        amount: 1000000,
        currency: 'INR',
        status: 'captured',
        order_id: 'order_QFiiWwuVnCr3nl',
        invoice_id: null,
        international: false,
        method: 'card',
        amount_refunded: 0,
        refund_status: null,
        captured: true,
        description: null,
        card_id: 'card_QFiizk391o5Mno',
        card: {
          id: 'card_QFiizk391o5Mno',
          entity: 'card',
          name: '',
          last4: '6247',
          network: 'MasterCard',
          type: 'debit',
          issuer: 'SBIN',
          international: false,
          emi: false,
          sub_type: 'consumer',
          token_iin: null
        },
        bank: null,
        wallet: null,
        vpa: null,
        email: 'void@razorpay.com',
        contact: '+917990176865',
        notes: [],
        fee: 23600,
        tax: 3600,
        error_code: null,
        error_description: null,
        error_source: null,
        error_step: null,
        error_reason: null,
        acquirer_data: { auth_code: '647046' },
        created_at: 1743931259,
        reward: null,
        base_amount: 1000000
      }
    }
  },
  signature: '0d8d886fda897789949b55626f04a8e2a06aeaa18bb71ef23715389af7b5270e',
  level: 'info',
  message: 'Payment captured',
  timestamp: '2025-04-06T11:20:16.747Z'
}
{
  service: 'payment-logger',
  plan_id: 'caf4c2fc-f694-4bba-bfbc-477400d2c0af',
  plan_name: 'Quarterly Plan',
  user_id: '55a79bf4-0579-4da7-a258-41691f455b3a',
  username: 'janakjariwala',
  order: {
    amount: 1000000,
    amount_due: 1000000,
    amount_paid: 0,
    attempts: 0,
    created_at: 1743938703,
    currency: 'INR',
    entity: 'order',
    id: 'order_QFkq4SC9IdgQRN',
    notes: [],
    offer_id: null,
    receipt: 'd007b43c-77f9-418c-83db-026dd21c7a23',
    status: 'created'
  },
  level: 'info',
  message: 'Payment initiated successfully',
  timestamp: '2025-04-06T11:25:04.416Z'
}
{
  service: 'payment-logger',
  event: 'payment.captured',
  payload: {
    payment: {
      entity: {
        id: 'pay_QFkqbAtJS6poFQ',
        entity: 'payment',
        amount: 1000000,
        currency: 'INR',
        status: 'captured',
        order_id: 'order_QFkq4SC9IdgQRN',
        invoice_id: null,
        international: false,
        method: 'card',
        amount_refunded: 0,
        refund_status: null,
        captured: true,
        description: null,
        card_id: 'card_QFkqbK8VkjocsY',
        card: {
          id: 'card_QFkqbK8VkjocsY',
          entity: 'card',
          name: '',
          last4: '6247',
          network: 'MasterCard',
          type: 'debit',
          issuer: 'SBIN',
          international: false,
          emi: false,
          sub_type: 'consumer',
          token_iin: null
        },
        bank: null,
        wallet: null,
        vpa: null,
        email: 'void@razorpay.com',
        contact: '+917990176865',
        notes: [],
        fee: 23600,
        tax: 3600,
        error_code: null,
        error_description: null,
        error_source: null,
        error_step: null,
        error_reason: null,
        acquirer_data: { auth_code: '820383' },
        created_at: 1743938734,
        reward: null,
        base_amount: 1000000
      }
    }
  },
  signature: '0e6bc5b24f9f35cdbb4af239629d1d25355d7a943ee85a9c5b0eaaaaad3a29b6',
  level: 'info',
  message: 'Payment captured',
  timestamp: '2025-04-06T11:25:41.718Z'
}
{
  service: 'payment-logger',
  plan_id: 'b8ae0fb1-f09c-4144-8e30-149c717b7684',
  plan_name: 'Monthly Plan',
  user_id: '55a79bf4-0579-4da7-a258-41691f455b3a',
  username: 'janakjariwala',
  order: {
    amount: 500000,
    amount_due: 500000,
    amount_paid: 0,
    attempts: 0,
    created_at: 1743938808,
    currency: 'INR',
    entity: 'order',
    id: 'order_QFkruWUhX1uU2v',
    notes: [],
    offer_id: null,
    receipt: '4cfae0f7-7642-4d56-9085-c1dc5b849003',
    status: 'created'
  },
  level: 'info',
  message: 'Payment initiated successfully',
  timestamp: '2025-04-06T11:26:48.914Z'
}
{
  service: 'payment-logger',
  event: 'payment.captured',
  payload: {
    payment: {
      entity: {
        id: 'pay_QFksDEQQzpVgBV',
        entity: 'payment',
        amount: 500000,
        currency: 'INR',
        status: 'captured',
        order_id: 'order_QFkruWUhX1uU2v',
        invoice_id: null,
        international: false,
        method: 'card',
        amount_refunded: 0,
        refund_status: null,
        captured: true,
        description: null,
        card_id: 'card_QFksDOnKlQrdVy',
        card: {
          id: 'card_QFksDOnKlQrdVy',
          entity: 'card',
          name: '',
          last4: '6247',
          network: 'MasterCard',
          type: 'debit',
          issuer: 'SBIN',
          international: false,
          emi: false,
          sub_type: 'consumer',
          token_iin: null
        },
        bank: null,
        wallet: null,
        vpa: null,
        email: 'void@razorpay.com',
        contact: '+917990176865',
        notes: [],
        fee: 11800,
        tax: 1800,
        error_code: null,
        error_description: null,
        error_source: null,
        error_step: null,
        error_reason: null,
        acquirer_data: { auth_code: '860000' },
        created_at: 1743938826,
        reward: null,
        base_amount: 500000
      }
    }
  },
  signature: '7fb55f0c482cda67f028d8861587b0c42a74319a16db3e6ef8a2fdfc4d85edc4',
  level: 'info',
  message: 'Payment captured',
  timestamp: '2025-04-06T11:27:12.695Z'
}
{
  service: 'payment-logger',
  event: 'payment.captured',
  payload: {
    payment: {
      entity: {
        id: 'pay_QFdvJW92ZJYjZ1',
        entity: 'payment',
        amount: 1000000,
        currency: 'INR',
        status: 'captured',
        order_id: 'order_QFdsDodfXAw4PA',
        invoice_id: null,
        international: false,
        method: 'card',
        amount_refunded: 0,
        refund_status: null,
        captured: true,
        description: null,
        card_id: 'card_QFdvJerL4hHvw7',
        card: {
          id: 'card_QFdvJerL4hHvw7',
          entity: 'card',
          name: '',
          last4: '6247',
          network: 'MasterCard',
          type: 'debit',
          issuer: 'SBIN',
          international: false,
          emi: false,
          sub_type: 'consumer',
          token_iin: null
        },
        bank: null,
        wallet: null,
        vpa: null,
        email: 'void@razorpay.com',
        contact: '+917990176865',
        notes: [],
        fee: 23600,
        tax: 3600,
        error_code: null,
        error_description: null,
        error_source: null,
        error_step: null,
        error_reason: null,
        acquirer_data: { auth_code: '204287' },
        created_at: 1743914351,
        reward: null,
        base_amount: 1000000
      }
    }
  },
  signature: '44d5d23e7db9a4b5d74852527b25c1009d002f8a52d1ef5e1d46a2e70d69722d',
  level: 'info',
  message: 'Payment captured',
  timestamp: '2025-04-06T11:33:11.351Z'
}
{
  service: 'payment-logger',
  event: 'payment.captured',
  payload: {
    payment: {
      entity: {
        id: 'pay_QFj1rn26xkaAsA',
        entity: 'payment',
        amount: 500000,
        currency: 'INR',
        status: 'captured',
        order_id: 'order_QFimH84aZff8W8',
        invoice_id: null,
        international: false,
        method: 'card',
        amount_refunded: 0,
        refund_status: null,
        captured: true,
        description: null,
        card_id: 'card_QFj1tl0qq6lD7G',
        card: {
          id: 'card_QFj1tl0qq6lD7G',
          entity: 'card',
          name: '',
          last4: '6247',
          network: 'MasterCard',
          type: 'debit',
          issuer: 'SBIN',
          international: false,
          emi: false,
          sub_type: 'consumer',
          token_iin: null
        },
        bank: null,
        wallet: null,
        vpa: null,
        email: 'void@razorpay.com',
        contact: '+917990176865',
        notes: [],
        fee: 11800,
        tax: 1800,
        error_code: null,
        error_description: null,
        error_source: null,
        error_step: null,
        error_reason: null,
        acquirer_data: { auth_code: '590022' },
        created_at: 1743932333,
        reward: null,
        base_amount: 500000
      }
    }
  },
  signature: '0909de55afb556fda98105d25f4be9514425f1eeff7585c69af9d6770df44726',
  level: 'info',
  message: 'Payment captured',
  timestamp: '2025-04-06T11:43:12.039Z'
}
{
  service: 'payment-logger',
  event: 'payment.failed',
  payload: {
    payment: {
      entity: {
        id: 'pay_QFj3Igv9uhAMf9',
        entity: 'payment',
        amount: 1000000,
        currency: 'INR',
        status: 'failed',
        order_id: 'order_QFj2qB9e7gxAFF',
        invoice_id: null,
        international: false,
        method: 'card',
        amount_refunded: 0,
        refund_status: null,
        captured: false,
        description: null,
        card_id: 'card_QFj3Iqq0cFD1jE',
        card: {
          id: 'card_QFj3Iqq0cFD1jE',
          entity: 'card',
          name: '',
          last4: '6247',
          network: 'MasterCard',
          type: 'debit',
          issuer: 'SBIN',
          international: false,
          emi: false,
          sub_type: 'consumer',
          token_iin: null
        },
        bank: null,
        wallet: null,
        vpa: null,
        email: 'void@razorpay.com',
        contact: '+917990176865',
        notes: [],
        fee: null,
        tax: null,
        error_code: 'BAD_REQUEST_ERROR',
        error_description: 'Payment failed',
        error_source: 'gateway',
        error_step: 'payment_authorization',
        error_reason: 'payment_failed',
        acquirer_data: { auth_code: null },
        created_at: 1743932412,
        reward: null
      }
    }
  },
  signature: 'a07a69ed4e5b1d81d9539c2919e3a9929b6b724a6564b4b3855e704d776dd5f1',
  level: 'info',
  message: 'Payment failed',
  timestamp: '2025-04-06T11:45:12.805Z'
}
{
  service: 'payment-logger',
  event: 'payment.captured',
  payload: {
    payment: {
      entity: {
        id: 'pay_QFj5lEwl2DCyU0',
        entity: 'payment',
        amount: 1000000,
        currency: 'INR',
        status: 'captured',
        order_id: 'order_QFj2qB9e7gxAFF',
        invoice_id: null,
        international: false,
        method: 'card',
        amount_refunded: 0,
        refund_status: null,
        captured: true,
        description: null,
        card_id: 'card_QFj5lO3vesQCSb',
        card: {
          id: 'card_QFj5lO3vesQCSb',
          entity: 'card',
          name: '',
          last4: '6247',
          network: 'MasterCard',
          type: 'debit',
          issuer: 'SBIN',
          international: false,
          emi: false,
          sub_type: 'consumer',
          token_iin: null
        },
        bank: null,
        wallet: null,
        vpa: null,
        email: 'void@razorpay.com',
        contact: '+917990176865',
        notes: [],
        fee: 23600,
        tax: 3600,
        error_code: null,
        error_description: null,
        error_source: null,
        error_step: null,
        error_reason: null,
        acquirer_data: { auth_code: '629099' },
        created_at: 1743932552,
        reward: null,
        base_amount: 1000000
      }
    }
  },
  signature: 'b03a947078d845b19a99e0b1ff6c04939d2bf8a535df075cd175896e394d58ae',
  level: 'info',
  message: 'Payment captured',
  timestamp: '2025-04-06T11:48:24.563Z'
}
{
  service: 'payment-logger',
  plan_id: 'b8ae0fb1-f09c-4144-8e30-149c717b7684',
  plan_name: 'Monthly Plan',
  user_id: '25878cba-02cb-46d8-9bfb-9a81183ed32b',
  username: 'johndoe1',
  order: {
    amount: 500000,
    amount_due: 500000,
    amount_paid: 0,
    attempts: 0,
    created_at: 1743959796,
    currency: 'INR',
    entity: 'order',
    id: 'order_QFqpPk80xx2H4I',
    notes: [],
    offer_id: null,
    receipt: '940ac4fb-ee99-421f-8592-946e1bd1356b',
    status: 'created'
  },
  level: 'info',
  message: 'Payment initiated successfully',
  timestamp: '2025-04-06T17:16:37.141Z'
}
{
  service: 'payment-logger',
  event: 'payment.captured',
  payload: {
    payment: {
      entity: {
        id: 'pay_QFqpvVRjngxR02',
        entity: 'payment',
        amount: 500000,
        currency: 'INR',
        status: 'captured',
        order_id: 'order_QFqpPk80xx2H4I',
        invoice_id: null,
        international: false,
        method: 'card',
        amount_refunded: 0,
        refund_status: null,
        captured: true,
        description: null,
        card_id: 'card_QFqpvgWKkd3DiL',
        card: {
          id: 'card_QFqpvgWKkd3DiL',
          entity: 'card',
          name: '',
          last4: '6247',
          network: 'MasterCard',
          type: 'debit',
          issuer: 'SBIN',
          international: false,
          emi: false,
          sub_type: 'consumer',
          token_iin: null
        },
        bank: null,
        wallet: null,
        vpa: null,
        email: 'void@razorpay.com',
        contact: '+917990176865',
        notes: [],
        fee: 11800,
        tax: 1800,
        error_code: null,
        error_description: null,
        error_source: null,
        error_step: null,
        error_reason: null,
        acquirer_data: { auth_code: '729815' },
        created_at: 1743959826,
        reward: null,
        base_amount: 500000
      }
    }
  },
  signature: 'c0b05b9f6000a08009e03a5098e941acfba9ac53ac06c83077a5142a152f84de',
  level: 'info',
  message: 'Payment captured',
  timestamp: '2025-04-06T17:17:11.978Z'
}
{
  service: 'payment-logger',
  event: 'payment.captured',
  payload: {
    payment: {
      entity: {
        id: 'pay_QFqpvVRjngxR02',
        entity: 'payment',
        amount: 500000,
        currency: 'INR',
        status: 'captured',
        order_id: 'order_QFqpPk80xx2H4I',
        invoice_id: null,
        international: false,
        method: 'card',
        amount_refunded: 0,
        refund_status: null,
        captured: true,
        description: null,
        card_id: 'card_QFqpvgWKkd3DiL',
        card: {
          id: 'card_QFqpvgWKkd3DiL',
          entity: 'card',
          name: '',
          last4: '6247',
          network: 'MasterCard',
          type: 'debit',
          issuer: 'SBIN',
          international: false,
          emi: false,
          sub_type: 'consumer',
          token_iin: null
        },
        bank: null,
        wallet: null,
        vpa: null,
        email: 'void@razorpay.com',
        contact: '+917990176865',
        notes: [],
        fee: 11800,
        tax: 1800,
        error_code: null,
        error_description: null,
        error_source: null,
        error_step: null,
        error_reason: null,
        acquirer_data: { auth_code: '729815' },
        created_at: 1743959826,
        reward: null,
        base_amount: 500000
      }
    }
  },
  signature: 'c0b05b9f6000a08009e03a5098e941acfba9ac53ac06c83077a5142a152f84de',
  level: 'info',
  message: 'Payment captured',
  timestamp: '2025-04-06T23:51:46.070Z'
}
{
  service: 'payment-logger',
  plan_id: 'b8ae0fb1-f09c-4144-8e30-149c717b7684',
  plan_name: 'Monthly Plan',
  user_id: 'c1601867-bb50-4877-b406-58d6b9abb203',
  username: 'dev',
  order: {
    amount: 500000,
    amount_due: 500000,
    amount_paid: 0,
    attempts: 0,
    created_at: 1744041664,
    currency: 'INR',
    entity: 'order',
    id: 'order_QGE4kSb8LGOaGB',
    notes: [],
    offer_id: null,
    receipt: '90f69113-c68a-468b-8289-6999b95e63cd',
    status: 'created'
  },
  level: 'info',
  message: 'Payment initiated successfully',
  timestamp: '2025-04-07T16:01:06.387Z'
}
{
  service: 'payment-logger',
  plan_id: 'caf4c2fc-f694-4bba-bfbc-477400d2c0af',
  plan_name: 'Quarterly Plan',
  user_id: 'c1601867-bb50-4877-b406-58d6b9abb203',
  username: 'dev',
  order: {
    amount: 1000000,
    amount_due: 1000000,
    amount_paid: 0,
    attempts: 0,
    created_at: 1744041793,
    currency: 'INR',
    entity: 'order',
    id: 'order_QGE71YNqlsC16Z',
    notes: [],
    offer_id: null,
    receipt: 'b5982062-4060-490f-8a81-e9be83a9bfeb',
    status: 'created'
  },
  level: 'info',
  message: 'Payment initiated successfully',
  timestamp: '2025-04-07T16:03:15.636Z'
}
{
  service: 'payment-logger',
  event: 'payment.captured',
  payload: {
    payment: {
      entity: {
        id: 'pay_QGE7LYcqKKArP0',
        entity: 'payment',
        amount: 1000000,
        currency: 'INR',
        status: 'captured',
        order_id: 'order_QGE71YNqlsC16Z',
        invoice_id: null,
        international: false,
        method: 'card',
        amount_refunded: 0,
        refund_status: null,
        captured: true,
        description: null,
        card_id: 'card_QGE7LjK4jPXdhP',
        card: {
          id: 'card_QGE7LjK4jPXdhP',
          entity: 'card',
          name: '',
          last4: '6247',
          network: 'MasterCard',
          type: 'debit',
          issuer: 'SBIN',
          international: false,
          emi: false,
          sub_type: 'consumer',
          token_iin: null
        },
        bank: null,
        wallet: null,
        vpa: null,
        email: 'void@razorpay.com',
        contact: '+917990176865',
        notes: [],
        fee: 23600,
        tax: 3600,
        error_code: null,
        error_description: null,
        error_source: null,
        error_step: null,
        error_reason: null,
        acquirer_data: { auth_code: '881606' },
        created_at: 1744041812,
        reward: null,
        base_amount: 1000000
      }
    }
  },
  signature: 'be8e060616ff7ee3ce0e804ec5df5b43f764717e6b034fe2bffbac5408447474',
  level: 'info',
  message: 'Payment captured',
  timestamp: '2025-04-07T16:03:41.013Z'
}
{
  service: 'payment-logger',
  plan_id: 'b8ae0fb1-f09c-4144-8e30-149c717b7684',
  plan_name: 'Monthly Plan',
  user_id: '490f12f7-5c24-4d5e-89a9-8de23caf4c36',
  username: 'devj',
  order: {
    amount: 500000,
    amount_due: 500000,
    amount_paid: 0,
    attempts: 0,
    created_at: 1744042920,
    currency: 'INR',
    entity: 'order',
    id: 'order_QGEQrHh4b2wOOV',
    notes: [],
    offer_id: null,
    receipt: '118eca7b-1fd3-4a2b-8b9a-2fd5a7ed9be5',
    status: 'created'
  },
  level: 'info',
  message: 'Payment initiated successfully',
  timestamp: '2025-04-07T16:22:02.231Z'
}
{
  service: 'payment-logger',
  event: 'payment.captured',
  payload: {
    payment: {
      entity: {
        id: 'pay_QGERUepgioLPKN',
        entity: 'payment',
        amount: 500000,
        currency: 'INR',
        status: 'captured',
        order_id: 'order_QGEQrHh4b2wOOV',
        invoice_id: null,
        international: false,
        method: 'card',
        amount_refunded: 0,
        refund_status: null,
        captured: true,
        description: null,
        card_id: 'card_QGERUnX0dD8NKe',
        card: {
          id: 'card_QGERUnX0dD8NKe',
          entity: 'card',
          name: '',
          last4: '6247',
          network: 'MasterCard',
          type: 'debit',
          issuer: 'SBIN',
          international: false,
          emi: false,
          sub_type: 'consumer',
          token_iin: null
        },
        bank: null,
        wallet: null,
        vpa: null,
        email: 'void@razorpay.com',
        contact: '+917990176865',
        notes: [],
        fee: 11800,
        tax: 1800,
        error_code: null,
        error_description: null,
        error_source: null,
        error_step: null,
        error_reason: null,
        acquirer_data: { auth_code: '301472' },
        created_at: 1744042957,
        reward: null,
        base_amount: 500000
      }
    }
  },
  signature: 'e4617a9f905bffef656e191a1064503f1f3360159cbf8f15d4a9d06b9874349b',
  level: 'info',
  message: 'Payment captured',
  timestamp: '2025-04-07T16:22:44.390Z'
}
{
  service: 'payment-logger',
  plan_id: 'b8ae0fb1-f09c-4144-8e30-149c717b7684',
  plan_name: 'Monthly Plan',
  user_id: 'f43eaa72-6fb5-4393-942c-30adac1712a2',
  username: 'Dev Jariwala',
  order: {
    amount: 500000,
    amount_due: 500000,
    amount_paid: 0,
    attempts: 0,
    created_at: 1744389160,
    currency: 'INR',
    entity: 'order',
    id: 'order_QHokc1YFPnf1vP',
    notes: [],
    offer_id: null,
    receipt: '59d47b03-7463-466c-93e0-510e2fdf7cae',
    status: 'created'
  },
  level: 'info',
  message: 'Payment initiated successfully',
  timestamp: '2025-04-11T16:32:44.134Z'
}
{
  service: 'payment-logger',
  event: 'payment.captured',
  payload: {
    payment: {
      entity: {
        id: 'pay_QHokwdg83LPjR7',
        entity: 'payment',
        amount: 500000,
        currency: 'INR',
        status: 'captured',
        order_id: 'order_QHokc1YFPnf1vP',
        invoice_id: null,
        international: false,
        method: 'card',
        amount_refunded: 0,
        refund_status: null,
        captured: true,
        description: null,
        card_id: 'card_QHokwrf7TGc97D',
        card: {
          id: 'card_QHokwrf7TGc97D',
          entity: 'card',
          name: '',
          last4: '6247',
          network: 'MasterCard',
          type: 'debit',
          issuer: 'SBIN',
          international: false,
          emi: false,
          sub_type: 'consumer',
          token_iin: null
        },
        bank: null,
        wallet: null,
        vpa: null,
        email: 'void@razorpay.com',
        contact: '+917990176865',
        notes: [],
        fee: 11800,
        tax: 1800,
        error_code: null,
        error_description: null,
        error_source: null,
        error_step: null,
        error_reason: null,
        acquirer_data: { auth_code: '554953' },
        created_at: 1744389180,
        reward: null,
        base_amount: 500000
      }
    }
  },
  signature: 'f5ee642771bf8e37007ae4f0306cfcc54c2f9fb292b9c78af00c6cecef70f032',
  level: 'info',
  message: 'Payment captured',
  timestamp: '2025-04-11T16:33:09.762Z'
}
